2026-03-05 23:56:05,460 INFO quantdog.api starting (host=127.0.0.1 port=8000 research_enabled=False enable_ai_analysis=False)
2026-03-05 23:56:05,471 INFO werkzeug [31m[1mWARNING: This is a development server. Do not use it in a production deployment. Use a production WSGI server instead.[0m
 * Running on http://127.0.0.1:8000
2026-03-05 23:56:05,471 INFO werkzeug [33mPress CTRL+C to quit[0m
2026-03-05 23:56:06,089 INFO werkzeug 127.0.0.1 - - [05/Mar/2026 23:56:06] "GET /health HTTP/1.1" 200 -
2026-03-05 23:56:25,066 INFO werkzeug 127.0.0.1 - - [05/Mar/2026 23:56:25] "GET / HTTP/1.1" 200 -
2026-03-05 23:56:25,126 INFO werkzeug 127.0.0.1 - - [05/Mar/2026 23:56:25] "GET /api/v1/health HTTP/1.1" 200 -
2026-03-05 23:56:25,166 INFO werkzeug 127.0.0.1 - - [05/Mar/2026 23:56:25] "GET /api/v1/readyz HTTP/1.1" 200 -
2026-03-05 23:56:39,980 ERROR quantdog.api.app Exception on /api/v1/instruments/search [GET]
Traceback (most recent call last):
  File "D:\Users\chegvra\AppData\Local\Programs\Python\Python312\Lib\site-packages\sqlalchemy\engine\base.py", line 1967, in _exec_single_context
    self.dialect.do_execute(
  File "D:\Users\chegvra\AppData\Local\Programs\Python\Python312\Lib\site-packages\sqlalchemy\engine\default.py", line 924, in do_execute
    cursor.execute(statement, parameters)
sqlite3.OperationalError: no such table: instruments

The above exception was the direct cause of the following exception:

Traceback (most recent call last):
  File "D:\Users\chegvra\AppData\Local\Programs\Python\Python312\Lib\site-packages\flask\app.py", line 1463, in wsgi_app
    response = self.full_dispatch_request()
               ^^^^^^^^^^^^^^^^^^^^^^^^^^^^
  File "D:\Users\chegvra\AppData\Local\Programs\Python\Python312\Lib\site-packages\flask\app.py", line 872, in full_dispatch_request
    rv = self.handle_user_exception(e)
         ^^^^^^^^^^^^^^^^^^^^^^^^^^^^^
  File "D:\Users\chegvra\AppData\Local\Programs\Python\Python312\Lib\site-packages\flask\app.py", line 870, in full_dispatch_request
    rv = self.dispatch_request()
         ^^^^^^^^^^^^^^^^^^^^^^^
  File "D:\Users\chegvra\AppData\Local\Programs\Python\Python312\Lib\site-packages\flask\app.py", line 855, in dispatch_request
    return self.ensure_sync(self.view_functions[rule.endpoint])(**view_args)  # type: ignore[no-any-return]
           ^^^^^^^^^^^^^^^^^^^^^^^^^^^^^^^^^^^^^^^^^^^^^^^^^^^^^^^^^^^^^^^^^
  File "D:\codespace\QuantDog\backend\quantdog\api\instruments.py", line 37, in search_instruments
    result = conn.execute(
             ^^^^^^^^^^^^^
  File "D:\Users\chegvra\AppData\Local\Programs\Python\Python312\Lib\site-packages\sqlalchemy\engine\base.py", line 1418, in execute
    return meth(
           ^^^^^
  File "D:\Users\chegvra\AppData\Local\Programs\Python\Python312\Lib\site-packages\sqlalchemy\sql\elements.py", line 515, in _execute_on_connection
    return connection._execute_clauseelement(
           ^^^^^^^^^^^^^^^^^^^^^^^^^^^^^^^^^^
  File "D:\Users\chegvra\AppData\Local\Programs\Python\Python312\Lib\site-packages\sqlalchemy\engine\base.py", line 1640, in _execute_clauseelement
    ret = self._execute_context(
          ^^^^^^^^^^^^^^^^^^^^^^
  File "D:\Users\chegvra\AppData\Local\Programs\Python\Python312\Lib\site-packages\sqlalchemy\engine\base.py", line 1846, in _execute_context
    return self._exec_single_context(
           ^^^^^^^^^^^^^^^^^^^^^^^^^^
  File "D:\Users\chegvra\AppData\Local\Programs\Python\Python312\Lib\site-packages\sqlalchemy\engine\base.py", line 1986, in _exec_single_context
    self._handle_dbapi_exception(
  File "D:\Users\chegvra\AppData\Local\Programs\Python\Python312\Lib\site-packages\sqlalchemy\engine\base.py", line 2353, in _handle_dbapi_exception
    raise sqlalchemy_exception.with_traceback(exc_info[2]) from e
  File "D:\Users\chegvra\AppData\Local\Programs\Python\Python312\Lib\site-packages\sqlalchemy\engine\base.py", line 1967, in _exec_single_context
    self.dialect.do_execute(
  File "D:\Users\chegvra\AppData\Local\Programs\Python\Python312\Lib\site-packages\sqlalchemy\engine\default.py", line 924, in do_execute
    cursor.execute(statement, parameters)
sqlalchemy.exc.OperationalError: (sqlite3.OperationalError) no such table: instruments
[SQL: SELECT symbol, name, exchange, type, currency, active FROM instruments WHERE symbol = ?]
[parameters: ('AAPL',)]
(Background on this error at: https://sqlalche.me/e/20/e3q8)
2026-03-05 23:56:40,036 INFO werkzeug 127.0.0.1 - - [05/Mar/2026 23:56:40] "[35m[1mGET /api/v1/instruments/search?query=AAPL HTTP/1.1[0m" 500 -
2026-03-05 23:57:54,227 INFO quantdog.api starting (host=127.0.0.1 port=8000 research_enabled=False enable_ai_analysis=False)
2026-03-05 23:57:54,237 INFO werkzeug [31m[1mWARNING: This is a development server. Do not use it in a production deployment. Use a production WSGI server instead.[0m
 * Running on http://127.0.0.1:8000
2026-03-05 23:57:54,237 INFO werkzeug [33mPress CTRL+C to quit[0m
2026-03-05 23:57:54,849 INFO werkzeug 127.0.0.1 - - [05/Mar/2026 23:57:54] "GET /api/v1/instruments/search?query=AAPL HTTP/1.1" 200 -
2026-03-05 23:58:05,764 INFO werkzeug 127.0.0.1 - - [05/Mar/2026 23:58:05] "[31m[1mPOST /api/v1/ingestions HTTP/1.1[0m" 400 -
2026-03-05 23:58:28,842 ERROR quantdog.api.app Exception on /api/v1/ingestions [POST]
Traceback (most recent call last):
  File "D:\Users\chegvra\AppData\Local\Programs\Python\Python312\Lib\site-packages\flask\app.py", line 1463, in wsgi_app
    response = self.full_dispatch_request()
               ^^^^^^^^^^^^^^^^^^^^^^^^^^^^
  File "D:\Users\chegvra\AppData\Local\Programs\Python\Python312\Lib\site-packages\flask\app.py", line 872, in full_dispatch_request
    rv = self.handle_user_exception(e)
         ^^^^^^^^^^^^^^^^^^^^^^^^^^^^^
  File "D:\Users\chegvra\AppData\Local\Programs\Python\Python312\Lib\site-packages\flask\app.py", line 870, in full_dispatch_request
    rv = self.dispatch_request()
         ^^^^^^^^^^^^^^^^^^^^^^^
  File "D:\Users\chegvra\AppData\Local\Programs\Python\Python312\Lib\site-packages\flask\app.py", line 855, in dispatch_request
    return self.ensure_sync(self.view_functions[rule.endpoint])(**view_args)  # type: ignore[no-any-return]
           ^^^^^^^^^^^^^^^^^^^^^^^^^^^^^^^^^^^^^^^^^^^^^^^^^^^^^^^^^^^^^^^^^
  File "D:\codespace\QuantDog\backend\quantdog\api\ingestion.py", line 44, in create_ingestion
    datetime.strptime(start_date, "%Y-%m-%d")
    ^^^^^^^^
NameError: name 'datetime' is not defined. Did you forget to import 'datetime'
2026-03-05 23:58:28,846 INFO werkzeug 127.0.0.1 - - [05/Mar/2026 23:58:28] "[35m[1mPOST /api/v1/ingestions HTTP/1.1[0m" 500 -
2026-03-06 00:01:05,107 INFO quantdog.api starting (host=127.0.0.1 port=8000 research_enabled=False enable_ai_analysis=False)
2026-03-06 00:01:05,117 INFO werkzeug [31m[1mWARNING: This is a development server. Do not use it in a production deployment. Use a production WSGI server instead.[0m
 * Running on http://127.0.0.1:8000
2026-03-06 00:01:05,117 INFO werkzeug [33mPress CTRL+C to quit[0m
2026-03-06 00:01:05,622 ERROR quantdog.api.app Exception on /api/v1/ingestions [POST]
Traceback (most recent call last):
  File "D:\Users\chegvra\AppData\Local\Programs\Python\Python312\Lib\site-packages\flask\app.py", line 1463, in wsgi_app
    response = self.full_dispatch_request()
               ^^^^^^^^^^^^^^^^^^^^^^^^^^^^
  File "D:\Users\chegvra\AppData\Local\Programs\Python\Python312\Lib\site-packages\flask\app.py", line 872, in full_dispatch_request
    rv = self.handle_user_exception(e)
         ^^^^^^^^^^^^^^^^^^^^^^^^^^^^^
  File "D:\Users\chegvra\AppData\Local\Programs\Python\Python312\Lib\site-packages\flask\app.py", line 870, in full_dispatch_request
    rv = self.dispatch_request()
         ^^^^^^^^^^^^^^^^^^^^^^^
  File "D:\Users\chegvra\AppData\Local\Programs\Python\Python312\Lib\site-packages\flask\app.py", line 855, in dispatch_request
    return self.ensure_sync(self.view_functions[rule.endpoint])(**view_args)  # type: ignore[no-any-return]
           ^^^^^^^^^^^^^^^^^^^^^^^^^^^^^^^^^^^^^^^^^^^^^^^^^^^^^^^^^^^^^^^^^
  File "D:\codespace\QuantDog\backend\quantdog\api\ingestion.py", line 44, in create_ingestion
    datetime.strptime(start_date, "%Y-%m-%d")
    ^^^^^^^^
NameError: name 'datetime' is not defined. Did you forget to import 'datetime'
2026-03-06 00:01:05,625 INFO werkzeug 127.0.0.1 - - [06/Mar/2026 00:01:05] "[35m[1mPOST /api/v1/ingestions HTTP/1.1[0m" 500 -
2026-03-06 00:02:50,187 INFO quantdog.api starting (host=127.0.0.1 port=8000 research_enabled=False enable_ai_analysis=False)
2026-03-06 00:02:50,197 INFO werkzeug [31m[1mWARNING: This is a development server. Do not use it in a production deployment. Use a production WSGI server instead.[0m
 * Running on http://127.0.0.1:8000
2026-03-06 00:02:50,197 INFO werkzeug [33mPress CTRL+C to quit[0m
2026-03-06 00:02:50,505 ERROR quantdog.api.app Exception on /api/v1/ingestions [POST]
Traceback (most recent call last):
  File "D:\Users\chegvra\AppData\Local\Programs\Python\Python312\Lib\site-packages\flask\app.py", line 1463, in wsgi_app
    response = self.full_dispatch_request()
               ^^^^^^^^^^^^^^^^^^^^^^^^^^^^
  File "D:\Users\chegvra\AppData\Local\Programs\Python\Python312\Lib\site-packages\flask\app.py", line 872, in full_dispatch_request
    rv = self.handle_user_exception(e)
         ^^^^^^^^^^^^^^^^^^^^^^^^^^^^^
  File "D:\Users\chegvra\AppData\Local\Programs\Python\Python312\Lib\site-packages\flask\app.py", line 870, in full_dispatch_request
    rv = self.dispatch_request()
         ^^^^^^^^^^^^^^^^^^^^^^^
  File "D:\Users\chegvra\AppData\Local\Programs\Python\Python312\Lib\site-packages\flask\app.py", line 855, in dispatch_request
    return self.ensure_sync(self.view_functions[rule.endpoint])(**view_args)  # type: ignore[no-any-return]
           ^^^^^^^^^^^^^^^^^^^^^^^^^^^^^^^^^^^^^^^^^^^^^^^^^^^^^^^^^^^^^^^^^
  File "D:\codespace\QuantDog\backend\quantdog\api\ingestion.py", line 44, in create_ingestion
    # Validate dates format (simple check)
        ^^^^^^^^
NameError: name 'datetime' is not defined. Did you forget to import 'datetime'
2026-03-06 00:02:50,510 INFO werkzeug 127.0.0.1 - - [06/Mar/2026 00:02:50] "[35m[1mPOST /api/v1/ingestions HTTP/1.1[0m" 500 -
